#
# There is insufficient memory for the Java Runtime Environment to continue.
# Native memory allocation (mmap) failed to map 536870912 bytes for Failed to commit area from 0x0000000601200000 to 0x0000000621200000 of length 536870912.
# Possible reasons:
#   The system is out of physical RAM or swap space
#   The process is running with CompressedOops enabled, and the Java Heap may be blocking the growth of the native heap
# Possible solutions:
#   Reduce memory load on the system
#   Increase physical memory or swap space
#   Check if swap backing store is full
#   Decrease Java heap size (-Xmx/-Xms)
#   Decrease number of Java threads
#   Decrease Java thread stack sizes (-Xss)
#   Set larger code cache with -XX:ReservedCodeCacheSize=
#   JVM is running with Zero Based Compressed Oops mode in which the Java heap is
#     placed in the first 32GB address space. The Java Heap base address is the
#     maximum limit for the native heap growth. Please use -XX:HeapBaseMinAddress
#     to set the Java Heap base and to place the Java Heap above 32GB virtual address.
# This output file may be truncated or incomplete.
#
#  Out of Memory Error (./open/src/hotspot/os/windows/os_windows.cpp:3315), pid=26244, tid=24188
#
# JRE version:  (14.0.2+12) (build )
# Java VM: OpenJDK 64-Bit Server VM (14.0.2+12-46, mixed mode, sharing, tiered, compressed oops, g1 gc, windows-amd64)
# No core dump will be written. Minidumps are not enabled by default on client versions of Windows
#

---------------  S U M M A R Y ------------

Command Line: -Dfile.encoding=Cp1252 -XX:+ShowCodeDetailsInExceptionMessages grizzlyPunk.Game

Host: Intel(R) Core(TM) i5-9600K CPU @ 3.70GHz, 6 cores, 31G,  Windows 10 , 64 bit Build 18362 (10.0.18362.778)
Time: Wed Nov 11 02:41:01 2020 Eastern Standard Time elapsed time: 0 seconds (0d 0h 0m 0s)

---------------  T H R E A D  ---------------

Current thread (0x000002606edda000):  JavaThread "Unknown thread" [_thread_in_vm, id=24188, stack(0x000000b293700000,0x000000b293800000)]

Stack: [0x000000b293700000,0x000000b293800000]
Native frames: (J=compiled Java code, j=interpreted, Vv=VM code, C=native code)
V  [jvm.dll+0x5f8a9a]
V  [jvm.dll+0x74247a]
V  [jvm.dll+0x743c2f]
V  [jvm.dll+0x744273]
V  [jvm.dll+0x20d288]
V  [jvm.dll+0x5f5dea]
V  [jvm.dll+0x5eac45]
V  [jvm.dll+0x2c7e9c]
V  [jvm.dll+0x2c7cd2]
V  [jvm.dll+0x2cdbbc]
V  [jvm.dll+0x313fe8]
V  [jvm.dll+0x313710]
V  [jvm.dll+0x2a092a]
V  [jvm.dll+0x2a1a79]
V  [jvm.dll+0x71fd48]
V  [jvm.dll+0x321c14]
V  [jvm.dll+0x70112c]
V  [jvm.dll+0x392def]
V  [jvm.dll+0x394e61]
C  [jli.dll+0x524b]
C  [ucrtbase.dll+0x20e82]
C  [KERNEL32.DLL+0x17bd4]
C  [ntdll.dll+0x6ce51]


---------------  P R O C E S S  ---------------

Threads class SMR info:
_java_thread_list=0x00007ffdb5bd3038, length=0, elements={
}

Java Threads: ( => current thread )

Other Threads:
  0x000002606ee5e000 GCTaskThread "GC Thread#0" [stack: 0x000000b293800000,0x000000b293900000] [id=8804]
  0x000002606ee7f800 ConcurrentGCThread "G1 Main Marker" [stack: 0x000000b293900000,0x000000b293a00000] [id=20636]
  0x000002606ee81000 ConcurrentGCThread "G1 Conc#0" [stack: 0x000000b293a00000,0x000000b293b00000] [id=12596]

[error occurred during error reporting (printing all threads), id 0xc0000005, EXCEPTION_ACCESS_VIOLATION (0xc0000005) at pc=0x00007ffdb5401257]

VM state:not at safepoint (not fully initialized)

VM Mutex/Monitor currently owned by a thread:  ([mutex/lock_event])
[0x000002606edd6500] Heap_lock - owner thread: 0x000002606edda000

Heap address: 0x0000000601200000, size: 8174 MB, Compressed Oops mode: Zero based, Oop shift amount: 3
Narrow klass base: 0x0000000000000000, Narrow klass shift: 0

GC Heap History (0 events):
No events

Deoptimization events (0 events):
No events

Classes unloaded (0 events):
No events

Classes redefined (0 events):
No events

Internal exceptions (0 events):
No events

Events (2 events):
Event: 0.003 Loaded shared library C:\Users\Jason\.p2\pool\plugins\org.eclipse.justj.openjdk.hotspot.jre.full.win32.x86_64_14.0.2.v20200815-0932\jre\bin\java.dll
Event: 0.004 Loaded shared library C:\Users\Jason\.p2\pool\plugins\org.eclipse.justj.openjdk.hotspot.jre.full.win32.x86_64_14.0.2.v20200815-0932\jre\bin\zip.dll


Dynamic libraries:
0x00007ff659e70000 - 0x00007ff659e7d000 	C:\Users\Jason\.p2\pool\plugins\org.eclipse.justj.openjdk.hotspot.jre.full.win32.x86_64_14.0.2.v20200815-0932\jre\bin\javaw.exe
0x00007ffe1eb60000 - 0x00007ffe1ed50000 	C:\WINDOWS\SYSTEM32\ntdll.dll
0x00007ffe1dba0000 - 0x00007ffe1dc52000 	C:\WINDOWS\System32\KERNEL32.DLL
0x00007ffe1c4e0000 - 0x00007ffe1c784000 	C:\WINDOWS\System32\KERNELBASE.dll
0x00007ffe1c790000 - 0x00007ffe1c88a000 	C:\WINDOWS\System32\ucrtbase.dll
0x00007ffdfa740000 - 0x00007ffdfa758000 	C:\Users\Jason\.p2\pool\plugins\org.eclipse.justj.openjdk.hotspot.jre.full.win32.x86_64_14.0.2.v20200815-0932\jre\bin\jli.dll
0x00007ffdfa890000 - 0x00007ffdfa8a5000 	C:\Users\Jason\.p2\pool\plugins\org.eclipse.justj.openjdk.hotspot.jre.full.win32.x86_64_14.0.2.v20200815-0932\jre\bin\VCRUNTIME140.dll
0x00007ffe1da00000 - 0x00007ffe1db94000 	C:\WINDOWS\System32\USER32.dll
0x00007ffe1ca10000 - 0x00007ffe1ca31000 	C:\WINDOWS\System32\win32u.dll
0x00007ffe09ac0000 - 0x00007ffe09d44000 	C:\WINDOWS\WinSxS\amd64_microsoft.windows.common-controls_6595b64144ccf1df_6.0.18362.836_none_e6c4b943130f18ed\COMCTL32.dll
0x00007ffe1d5c0000 - 0x00007ffe1d5e6000 	C:\WINDOWS\System32\GDI32.dll
0x00007ffe1e5a0000 - 0x00007ffe1e63e000 	C:\WINDOWS\System32\msvcrt.dll
0x00007ffe1ca40000 - 0x00007ffe1cbd4000 	C:\WINDOWS\System32\gdi32full.dll
0x00007ffe1c440000 - 0x00007ffe1c4de000 	C:\WINDOWS\System32\msvcp_win.dll
0x00007ffe1e7a0000 - 0x00007ffe1ead6000 	C:\WINDOWS\System32\combase.dll
0x00007ffe1dc60000 - 0x00007ffe1dd80000 	C:\WINDOWS\System32\RPCRT4.dll
0x00007ffe1c990000 - 0x00007ffe1ca10000 	C:\WINDOWS\System32\bcryptPrimitives.dll
0x00007ffe1eae0000 - 0x00007ffe1eb0e000 	C:\WINDOWS\System32\IMM32.DLL
0x00007ffde87e0000 - 0x00007ffde887b000 	C:\Users\Jason\.p2\pool\plugins\org.eclipse.justj.openjdk.hotspot.jre.full.win32.x86_64_14.0.2.v20200815-0932\jre\bin\msvcp140.dll
0x00007ffdb5150000 - 0x00007ffdb5c6e000 	C:\Users\Jason\.p2\pool\plugins\org.eclipse.justj.openjdk.hotspot.jre.full.win32.x86_64_14.0.2.v20200815-0932\jre\bin\server\jvm.dll
0x00007ffe1d510000 - 0x00007ffe1d5b3000 	C:\WINDOWS\System32\ADVAPI32.dll
0x00007ffe1e3c0000 - 0x00007ffe1e457000 	C:\WINDOWS\System32\sechost.dll
0x00007ffe1eb10000 - 0x00007ffe1eb18000 	C:\WINDOWS\System32\PSAPI.DLL
0x00007ffdfe260000 - 0x00007ffdfe269000 	C:\WINDOWS\SYSTEM32\WSOCK32.dll
0x00007ffe1e2f0000 - 0x00007ffe1e35f000 	C:\WINDOWS\System32\WS2_32.dll
0x00007ffe19120000 - 0x00007ffe19144000 	C:\WINDOWS\SYSTEM32\WINMM.dll
0x00007ffe13bb0000 - 0x00007ffe13bba000 	C:\WINDOWS\SYSTEM32\VERSION.dll
0x00007ffe190f0000 - 0x00007ffe1911d000 	C:\WINDOWS\SYSTEM32\winmmbase.dll
0x00007ffe1c890000 - 0x00007ffe1c8da000 	C:\WINDOWS\System32\cfgmgr32.dll
0x00007ffe1ba30000 - 0x00007ffe1ba41000 	C:\WINDOWS\System32\kernel.appcore.dll
0x00007ffe16800000 - 0x00007ffe1680a000 	C:\Users\Jason\.p2\pool\plugins\org.eclipse.justj.openjdk.hotspot.jre.full.win32.x86_64_14.0.2.v20200815-0932\jre\bin\jimage.dll
0x00007ffe1a3f0000 - 0x00007ffe1a5e4000 	C:\WINDOWS\SYSTEM32\DBGHELP.DLL
0x00007ffe07220000 - 0x00007ffe0724a000 	C:\WINDOWS\SYSTEM32\dbgcore.DLL
0x00007ffdfb0a0000 - 0x00007ffdfb0c5000 	C:\Users\Jason\.p2\pool\plugins\org.eclipse.justj.openjdk.hotspot.jre.full.win32.x86_64_14.0.2.v20200815-0932\jre\bin\java.dll
0x00007ffe08d20000 - 0x00007ffe08d36000 	C:\Users\Jason\.p2\pool\plugins\org.eclipse.justj.openjdk.hotspot.jre.full.win32.x86_64_14.0.2.v20200815-0932\jre\bin\zip.dll

dbghelp: loaded successfully - version: 4.0.5 - missing functions: none
symbol engine: initialized successfully - sym options: 0x614 - pdb path: .;C:\Users\Jason\.p2\pool\plugins\org.eclipse.justj.openjdk.hotspot.jre.full.win32.x86_64_14.0.2.v20200815-0932\jre\bin;C:\WINDOWS\SYSTEM32;C:\WINDOWS\WinSxS\amd64_microsoft.windows.common-controls_6595b64144ccf1df_6.0.18362.836_none_e6c4b943130f18ed;C:\Users\Jason\.p2\pool\plugins\org.eclipse.justj.openjdk.hotspot.jre.full.win32.x86_64_14.0.2.v20200815-0932\jre\bin\server

VM Arguments:
jvm_args: -Dfile.encoding=Cp1252 -XX:+ShowCodeDetailsInExceptionMessages 
java_command: grizzlyPunk.Game
java_class_path (initial): N:\Users\Jason\Desktop\TeamHydraFall2020\bin
Launcher Type: SUN_STANDARD

[Global flags]
     intx CICompilerCount                          = 3                                         {product} {ergonomic}
     uint ConcGCThreads                            = 2                                         {product} {ergonomic}
     uint G1ConcRefinementThreads                  = 6                                         {product} {ergonomic}
   size_t G1HeapRegionSize                         = 2097152                                   {product} {ergonomic}
    uintx GCDrainStackTargetSize                   = 64                                        {product} {ergonomic}
   size_t InitialHeapSize                          = 536870912                                 {product} {ergonomic}
   size_t MarkStackSize                            = 4194304                                   {product} {ergonomic}
   size_t MaxHeapSize                              = 8571060224                                {product} {ergonomic}
   size_t MinHeapDeltaBytes                        = 2097152                                   {product} {ergonomic}
   size_t MinHeapSize                              = 8388608                                   {product} {ergonomic}
    uintx NonNMethodCodeHeapSize                   = 5832780                                {pd product} {ergonomic}
    uintx NonProfiledCodeHeapSize                  = 122912730                              {pd product} {ergonomic}
    uintx ProfiledCodeHeapSize                     = 122912730                              {pd product} {ergonomic}
    uintx ReservedCodeCacheSize                    = 251658240                              {pd product} {ergonomic}
     bool SegmentedCodeCache                       = true                                      {product} {ergonomic}
     bool ShowCodeDetailsInExceptionMessages       = true                                   {manageable} {command line}
   size_t SoftMaxHeapSize                          = 8571060224                             {manageable} {ergonomic}
     bool UseCompressedClassPointers               = true                                 {lp64_product} {ergonomic}
     bool UseCompressedOops                        = true                                 {lp64_product} {ergonomic}
     bool UseG1GC                                  = true                                      {product} {ergonomic}
     bool UseLargePagesIndividualAllocation        = false                                  {pd product} {ergonomic}

Logging:
Log output configuration:
 #0: stdout all=warning uptime,level,tags
 #1: stderr all=off uptime,level,tags

Environment Variables:
PATH=C:/Users/Jason/.p2/pool/plugins/org.eclipse.justj.openjdk.hotspot.jre.full.win32.x86_64_14.0.2.v20200815-0932/jre/bin/server;C:/Users/Jason/.p2/pool/plugins/org.eclipse.justj.openjdk.hotspot.jre.full.win32.x86_64_14.0.2.v20200815-0932/jre/bin;C:\Program Files (x86)\Common Files\Oracle\Java\javapath;C:\Windows\System32;C:\Program Files\dotnet\;C:\Program Files\NVIDIA Corporation\NVIDIA NvDLISR;C:\Program Files\Git\cmd;C:\flutter\bin;C:\Users\Jason\AppData\Local\Programs\Microsoft VS Code\bin;C:\Users\Jason\.dotnet\tools;N:\Users\Jason\Desktop;
USERNAME=Jason
OS=Windows_NT
PROCESSOR_IDENTIFIER=Intel64 Family 6 Model 158 Stepping 13, GenuineIntel



---------------  S Y S T E M  ---------------

OS: Windows 10 , 64 bit Build 18362 (10.0.18362.778)
OS uptime: 0 days 12:41 hours

CPU:total 6 (initial active 6) (6 cores per cpu, 1 threads per core) family 6 model 158 stepping 13, cmov, cx8, fxsr, mmx, sse, sse2, sse3, ssse3, sse4.1, sse4.2, popcnt, avx, avx2, aes, clmul, erms, 3dnowpref, lzcnt, tsc, tscinvbit, bmi1, bmi2, adx, fma

Memory: 4k page, system-wide physical 32694M (19272M free)
TotalPageFile size 45537M (AvailPageFile size 6M)
current process WorkingSet (physical memory assigned to process): 10M, peak: 10M
current process commit charge ("private bytes"): 57M, peak: 568M

vm_info: OpenJDK 64-Bit Server VM (14.0.2+12-46) for windows-amd64 JRE (14.0.2+12-46), built on Jul  9 2020 00:31:16 by "mach5one" with MS VC++ 15.9 (VS2017)

END.
